#
# A fatal error has been detected by the Java Runtime Environment:
#
#  SIGSEGV (0xb) at pc=0x0000000109a233f0, pid=1145, tid=515
#
# JRE version: Java(TM) SE Runtime Environment (8.0_91-b14) (build 1.8.0_91-b14)
# Java VM: Java HotSpot(TM) 64-Bit Server VM (25.91-b14 mixed mode bsd-amd64 compressed oops)
# Problematic frame:
# C  [_jpype.cpython-37m-darwin.so+0xe3f0]  _ZN9JPJavaEnv9NewStringEPKti+0x30
#
# Failed to write core dump. Core dumps have been disabled. To enable core dumping, try "ulimit -c unlimited" before starting Java again
#
# If you would like to submit a bug report, please visit:
#   http://bugreport.java.com/bugreport/crash.jsp
#

---------------  T H R E A D  ---------------

Current thread is native thread

siginfo: si_signo: 11 (SIGSEGV), si_code: 1 (SEGV_MAPERR), si_addr: 0x0000000000000000

Registers:
RAX=0x00007f969997fcc0, RBX=0x0000000000000000, RCX=0x0000000107ccf798, RDX=0x0000000000000000
RSP=0x0000700004bce2d0, RBP=0x0000700004bce300, RSI=0x0000000000000000, RDI=0x0000000107ccf778
R8 =0x0000000000000000, R9 =0x0000000000000000, R10=0x0000000100000000, R11=0x0000000000000000
R12=0x00007f969997fcc0, R13=0x0000000109a63ea8, R14=0x00000000000003dd, R15=0x00007f96979b2000
RIP=0x0000000109a233f0, EFLAGS=0x0000000000010206, ERR=0x0000000000000004
  TRAPNO=0x000000000000000e

Top of Stack: (sp=0x0000700004bce2d0)
0x0000700004bce2d0:   0000000109a63eb0 00007f96979b2000
0x0000700004bce2e0:   00007f9699967880 00007f9699973370
0x0000700004bce2f0:   00000000000003dd 0000000109a63ea8
0x0000700004bce300:   0000700004bce400 0000000109a1b389
0x0000700004bce310:   0000000109a60fe0 0000000000000000
0x0000700004bce320:   0000000000000000 0000000000000000
0x0000700004bce330:   0000000000000000 0000000000000000
0x0000700004bce340:   0000000000000000 0000000000000000
0x0000700004bce350:   0000000000000000 0000000000000000
0x0000700004bce360:   0000000000000008 0000000109a60fe0
0x0000700004bce370:   0000000000000000 0000000109a61020
0x0000700004bce380:   00007f96979b1800 00000000000003dd
0x0000700004bce390:   0000000000000000 0000000000000000
0x0000700004bce3a0:   0000000000000000 0000000000000000
0x0000700004bce3b0:   0000000000000000 0000000109a60600
0x0000700004bce3c0:   0000000000000021 000000000000001b
0x0000700004bce3d0:   00007f9699985050 0000700004bce500
0x0000700004bce3e0:   00007f9699a046a0 00007f9699967880
0x0000700004bce3f0:   0000000000000002 0000000000000002
0x0000700004bce400:   0000700004bce4d0 0000000109a4078a
0x0000700004bce410:   0000000109a60fe0 0000000000000000
0x0000700004bce420:   0000000000000000 0000000000000000
0x0000700004bce430:   0000000000000000 0000000000000000
0x0000700004bce440:   0000000000000000 0000000000000000
0x0000700004bce450:   0000000000000000 0000000000000000
0x0000700004bce460:   0000700004bce580 00007f969996c690
0x0000700004bce470:   0000000109a60600 0000000000000031
0x0000700004bce480:   0000000000000020 00007f9699974a00
0x0000700004bce490:   0000000000000000 00007f96999712c8
0x0000700004bce4a0:   00007f9699a43d50 0000000000000001
0x0000700004bce4b0:   0000000000000001 0000700004bce4e0
0x0000700004bce4c0:   00007f96979aee00 00007f9699973370 

Instructions: (pc=0x0000000109a233f0)
0x0000000109a233d0:   d6 49 89 f7 e8 97 a9 00 00 48 89 c3 4c 8d 2d c5
0x0000000109a233e0:   0a 04 00 49 8b 7d 00 48 8b 07 ff 50 30 49 89 c4
0x0000000109a233f0:   48 8b 03 48 89 df 4c 89 fe 44 89 f2 ff 90 18 05
0x0000000109a23400:   00 00 48 89 c3 49 8b 7d 00 48 8b 07 4c 89 e6 ff 

Register to memory mapping:

RAX=0x00007f969997fcc0 is an unknown value
RBX=0x0000000000000000 is an unknown value
RCX=0x0000000107ccf798: _PyRuntime+0x508 in /Library/Frameworks/Python.framework/Versions/3.7/Python at 0x0000000107a71000
RDX=0x0000000000000000 is an unknown value
RSP=0x0000700004bce2d0 is an unknown value
RBP=0x0000700004bce300 is an unknown value
RSI=0x0000000000000000 is an unknown value
RDI=0x0000000107ccf778: _PyRuntime+0x4e8 in /Library/Frameworks/Python.framework/Versions/3.7/Python at 0x0000000107a71000
R8 =0x0000000000000000 is an unknown value
R9 =0x0000000000000000 is an unknown value
R10=0x0000000100000000 is an unknown value
R11=0x0000000000000000 is an unknown value
R12=0x00007f969997fcc0 is an unknown value
R13=0x0000000109a63ea8: _ZN5JPEnv6s_HostE+0 in /Library/Frameworks/Python.framework/Versions/3.7/lib/python3.7/site-packages/_jpype.cpython-37m-darwin.so at 0x0000000109a15000
R14=0x00000000000003dd is an unknown value
R15=0x00007f96979b2000 is an unknown value


Stack: [0x00007000046d6000,0x0000700004bd6000],  sp=0x0000700004bce2d0,  free space=5088k
Native frames: (J=compiled Java code, j=interpreted, Vv=VM code, C=native code)
C  [_jpype.cpython-37m-darwin.so+0xe3f0]  _ZN9JPJavaEnv9NewStringEPKti+0x30
C  [_jpype.cpython-37m-darwin.so+0x6389]  _ZN12JPStringType13convertToJavaEP7HostRef+0x349
C  [_jpype.cpython-37m-darwin.so+0x2b78a]  _ZN16JPMethodOverload14invokeInstanceERNSt3__16vectorIP7HostRefNS0_9allocatorIS3_EEEE+0xba
C  [_jpype.cpython-37m-darwin.so+0x38b60]  _ZN15PyJPBoundMethod8__call__EP7_objectS1_S1_+0x1b0
C  [Python+0x21871]  _PyObject_FastCallKeywords+0x1b1
C  [Python+0xe0474]  call_function+0x1a4
C  [Python+0xdd576]  _PyEval_EvalFrameDefault+0x6266
C  [Python+0xe10d6]  _PyEval_EvalCodeWithName+0x976
C  [Python+0x21a21]  _PyFunction_FastCallKeywords+0x101
C  [Python+0xe05b2]  call_function+0x2e2
C  [Python+0xdd55c]  _PyEval_EvalFrameDefault+0x624c
C  [Python+0x21e90]  function_code_fastcall+0x80
C  [Python+0xe05b2]  call_function+0x2e2
C  [Python+0xdd55c]  _PyEval_EvalFrameDefault+0x624c
C  [Python+0x21e90]  function_code_fastcall+0x80
C  [Python+0x21484]  _PyFunction_FastCallDict+0x94
C  [Python+0x228cf]  _PyObject_Call_Prepend+0x8f
C  [Python+0x21b87]  PyObject_Call+0x87
C  [Python+0xdd887]  _PyEval_EvalFrameDefault+0x6577
C  [Python+0x21e90]  function_code_fastcall+0x80
C  [Python+0xe05b2]  call_function+0x2e2
C  [Python+0xdd55c]  _PyEval_EvalFrameDefault+0x624c
C  [Python+0x21e90]  function_code_fastcall+0x80
C  [Python+0xe05b2]  call_function+0x2e2
C  [Python+0xdd55c]  _PyEval_EvalFrameDefault+0x624c
C  [Python+0x21e90]  function_code_fastcall+0x80
C  [Python+0xe05b2]  call_function+0x2e2
C  [Python+0xdd55c]  _PyEval_EvalFrameDefault+0x624c
C  [Python+0x21e90]  function_code_fastcall+0x80
C  [Python+0x21484]  _PyFunction_FastCallDict+0x94
C  [Python+0x228cf]  _PyObject_Call_Prepend+0x8f
C  [Python+0x70d51]  slot_tp_init+0x91
C  [Python+0x6c6a9]  type_call+0x129
C  [Python+0x21871]  _PyObject_FastCallKeywords+0x1b1
C  [Python+0xe0474]  call_function+0x1a4
C  [Python+0xdd617]  _PyEval_EvalFrameDefault+0x6307
C  [Python+0x21e90]  function_code_fastcall+0x80
C  [Python+0xe05b2]  call_function+0x2e2
C  [Python+0xdd576]  _PyEval_EvalFrameDefault+0x6266
C  [Python+0x21e90]  function_code_fastcall+0x80
C  [Python+0xe05b2]  call_function+0x2e2
C  [Python+0xdd576]  _PyEval_EvalFrameDefault+0x6266
C  [Python+0x21e90]  function_code_fastcall+0x80
C  [Python+0xe05b2]  call_function+0x2e2
C  [Python+0xdd55c]  _PyEval_EvalFrameDefault+0x624c
C  [Python+0x21e90]  function_code_fastcall+0x80
C  [Python+0xe05b2]  call_function+0x2e2
C  [Python+0xdd55c]  _PyEval_EvalFrameDefault+0x624c
C  [Python+0x21e90]  function_code_fastcall+0x80
C  [Python+0x21484]  _PyFunction_FastCallDict+0x94
C  [Python+0xdd887]  _PyEval_EvalFrameDefault+0x6577
C  [Python+0x21e90]  function_code_fastcall+0x80
C  [Python+0xe05b2]  call_function+0x2e2
C  [Python+0xdd617]  _PyEval_EvalFrameDefault+0x6307
C  [Python+0xe10d6]  _PyEval_EvalCodeWithName+0x976
C  [Python+0x21a21]  _PyFunction_FastCallKeywords+0x101
C  [Python+0xe05b2]  call_function+0x2e2
C  [Python+0xdd576]  _PyEval_EvalFrameDefault+0x6266
C  [Python+0x21e90]  function_code_fastcall+0x80
C  [Python+0x21484]  _PyFunction_FastCallDict+0x94
C  [Python+0x228cf]  _PyObject_Call_Prepend+0x8f
C  [Python+0x6f916]  slot_tp_call+0x96
C  [Python+0x21871]  _PyObject_FastCallKeywords+0x1b1
C  [Python+0xe0474]  call_function+0x1a4
C  [Python+0xdd617]  _PyEval_EvalFrameDefault+0x6307
C  [Python+0xe10d6]  _PyEval_EvalCodeWithName+0x976
C  [Python+0x21a21]  _PyFunction_FastCallKeywords+0x101
C  [Python+0xe05b2]  call_function+0x2e2
C  [Python+0xdd576]  _PyEval_EvalFrameDefault+0x6266
C  [Python+0x21e90]  function_code_fastcall+0x80
C  [Python+0x21484]  _PyFunction_FastCallDict+0x94
C  [Python+0x228cf]  _PyObject_Call_Prepend+0x8f
C  [Python+0x6f916]  slot_tp_call+0x96
C  [Python+0x21871]  _PyObject_FastCallKeywords+0x1b1
C  [Python+0xe0474]  call_function+0x1a4
C  [Python+0xdd617]  _PyEval_EvalFrameDefault+0x6307
C  [Python+0xe10d6]  _PyEval_EvalCodeWithName+0x976
C  [Python+0x21a21]  _PyFunction_FastCallKeywords+0x101
C  [Python+0xe05b2]  call_function+0x2e2
C  [Python+0xdd576]  _PyEval_EvalFrameDefault+0x6266
C  [Python+0x21e90]  function_code_fastcall+0x80
C  [Python+0x21484]  _PyFunction_FastCallDict+0x94
C  [Python+0x228cf]  _PyObject_Call_Prepend+0x8f
C  [Python+0x6f916]  slot_tp_call+0x96
C  [Python+0x21871]  _PyObject_FastCallKeywords+0x1b1
C  [Python+0xe0474]  call_function+0x1a4
C  [Python+0xdd617]  _PyEval_EvalFrameDefault+0x6307
C  [Python+0xe10d6]  _PyEval_EvalCodeWithName+0x976
C  [Python+0x21a21]  _PyFunction_FastCallKeywords+0x101
C  [Python+0xe05b2]  call_function+0x2e2
C  [Python+0xdd576]  _PyEval_EvalFrameDefault+0x6266
C  [Python+0x21e90]  function_code_fastcall+0x80
C  [Python+0x21484]  _PyFunction_FastCallDict+0x94
C  [Python+0x228cf]  _PyObject_Call_Prepend+0x8f
C  [Python+0x6f916]  slot_tp_call+0x96
C  [Python+0x21871]  _PyObject_FastCallKeywords+0x1b1
C  [Python+0xe0474]  call_function+0x1a4
C  [Python+0xdd617]  _PyEval_EvalFrameDefault+0x6307
C  [Python+0xe10d6]  _PyEval_EvalCodeWithName+0x976
C  [Python+0x21a21]  _PyFunction_FastCallKeywords+0x101
...<more frames>...


---------------  P R O C E S S  ---------------

VM state:not at safepoint (normal execution)

VM Mutex/Monitor currently owned by a thread: None

Heap:
 PSYoungGen      total 38400K, used 1997K [0x00000007aab00000, 0x00000007ad580000, 0x00000007c0000000)
  eden space 33280K, 6% used [0x00000007aab00000,0x00000007aacf34c0,0x00000007acb80000)
  from space 5120K, 0% used [0x00000007ad080000,0x00000007ad080000,0x00000007ad580000)
  to   space 5120K, 0% used [0x00000007acb80000,0x00000007acb80000,0x00000007ad080000)
 ParOldGen       total 87552K, used 0K [0x0000000780000000, 0x0000000785580000, 0x00000007aab00000)
  object space 87552K, 0% used [0x0000000780000000,0x0000000780000000,0x0000000785580000)
 Metaspace       used 2856K, capacity 4536K, committed 4864K, reserved 1056768K
  class space    used 317K, capacity 424K, committed 512K, reserved 1048576K

Card table byte_map: [0x000000010aee9000,0x000000010b0ea000] byte_map_base: 0x00000001072e9000

Marking Bits: (ParMarkBitMap*) 0x000000010a3e7eb0
 Begin Bits: [0x000000010b240000, 0x000000010c240000)
 End Bits:   [0x000000010c240000, 0x000000010d240000)

Polling page: 0x0000000107def000

CodeCache: size=245760Kb used=1117Kb max_used=1117Kb free=244642Kb
 bounds [0x0000000114e77000, 0x00000001150e7000, 0x0000000123e77000]
 total_blobs=270 nmethods=39 adapters=145
 compilation: enabled

Compilation events (10 events):
Event: 0.100 Thread 0x00007f96979a2800   34       3       java.util.jar.Attributes$Name::isAlpha (30 bytes)
Event: 0.100 Thread 0x00007f96979a2800 nmethod 34 0x0000000114f8cd90 code [0x0000000114f8cf00, 0x0000000114f8d130]
Event: 0.100 Thread 0x00007f96979a2800   35       3       java.util.HashMap::hash (20 bytes)
Event: 0.100 Thread 0x00007f96979a2800 nmethod 35 0x0000000114f8d190 code [0x0000000114f8d300, 0x0000000114f8d548]
Event: 0.101 Thread 0x00007f96979a2800   36       1       java.lang.ref.Reference::get (5 bytes)
Event: 0.101 Thread 0x00007f96979a2800 nmethod 36 0x0000000114f8dd90 code [0x0000000114f8dee0, 0x0000000114f8dff0]
Event: 0.102 Thread 0x00007f96979a2800   37       1       java.lang.reflect.Method::getModifiers (5 bytes)
Event: 0.102 Thread 0x00007f96979a2800 nmethod 37 0x0000000114f8e050 code [0x0000000114f8e1a0, 0x0000000114f8e2b0]
Event: 0.102 Thread 0x00007f96979a2800   38       3       java.util.concurrent.ConcurrentHashMap::setTabAt (19 bytes)
Event: 0.103 Thread 0x00007f96979a2800 nmethod 38 0x0000000114f8e690 code [0x0000000114f8e7e0, 0x0000000114f8e950]

GC Heap History (0 events):
No events

Deoptimization events (0 events):
No events

Internal exceptions (4 events):
Event: 0.032 Thread 0x00007f9699072800 Exception <a 'java/lang/NoSuchMethodError': Method sun.misc.Unsafe.defineClass(Ljava/lang/String;[BII)Ljava/lang/Class; name or signature does not match> (0x00000007aab07cc0) thrown at [/Users/java_re/workspace/8-2-build-macosx-x86_64/jdk8u91/6644/hotspot
Event: 0.032 Thread 0x00007f9699072800 Exception <a 'java/lang/NoSuchMethodError': Method sun.misc.Unsafe.prefetchRead(Ljava/lang/Object;J)V name or signature does not match> (0x00000007aab07fa8) thrown at [/Users/java_re/workspace/8-2-build-macosx-x86_64/jdk8u91/6644/hotspot/src/share/vm/prim
Event: 0.098 Thread 0x00007f9699072800 Exception <a 'java/security/PrivilegedActionException'> (0x00000007aab98928) thrown at [/Users/java_re/workspace/8-2-build-macosx-x86_64/jdk8u91/6644/hotspot/src/share/vm/prims/jvm.cpp, line 1386]
Event: 0.098 Thread 0x00007f9699072800 Exception <a 'java/security/PrivilegedActionException'> (0x00000007aab98b38) thrown at [/Users/java_re/workspace/8-2-build-macosx-x86_64/jdk8u91/6644/hotspot/src/share/vm/prims/jvm.cpp, line 1386]

Events (10 events):
Event: 0.102 loading class java/util/function/Predicate
Event: 0.102 loading class java/util/function/Predicate done
Event: 0.102 loading class java/util/function/UnaryOperator
Event: 0.102 loading class java/util/function/UnaryOperator done
Event: 0.102 loading class java/util/ListIterator
Event: 0.102 loading class java/util/ListIterator done
Event: 0.102 loading class java/util/function/BiConsumer
Event: 0.103 loading class java/util/function/BiConsumer done
Event: 4.105 Executing VM operation: EnableBiasedLocking
Event: 4.105 Executing VM operation: EnableBiasedLocking done


Dynamic libraries:
0x000000000269e000 	/System/Library/Frameworks/CoreFoundation.framework/Versions/A/CoreFoundation
0x0000000107a71000 	/Library/Frameworks/Python.framework/Versions/3.7/Python
0x000000000269e000 	/usr/lib/libSystem.B.dylib
0x000000000269e000 	/usr/lib/libobjc.A.dylib
0x000000000269e000 	/usr/lib/libDiagnosticMessagesClient.dylib
0x000000000269e000 	/usr/lib/libicucore.A.dylib
0x000000000269e000 	/usr/lib/libz.1.dylib
0x000000000269e000 	/usr/lib/libc++abi.dylib
0x000000000269e000 	/usr/lib/libc++.1.dylib
0x000000000269e000 	/usr/lib/system/libcache.dylib
0x000000000269e000 	/usr/lib/system/libcommonCrypto.dylib
0x000000000269e000 	/usr/lib/system/libcompiler_rt.dylib
0x000000000269e000 	/usr/lib/system/libcopyfile.dylib
0x000000000269e000 	/usr/lib/system/libcorecrypto.dylib
0x000000000269e000 	/usr/lib/system/libdispatch.dylib
0x000000000269e000 	/usr/lib/system/libdyld.dylib
0x000000000269e000 	/usr/lib/system/libkeymgr.dylib
0x000000000269e000 	/usr/lib/system/liblaunch.dylib
0x000000000269e000 	/usr/lib/system/libmacho.dylib
0x000000000269e000 	/usr/lib/system/libquarantine.dylib
0x000000000269e000 	/usr/lib/system/libremovefile.dylib
0x000000000269e000 	/usr/lib/system/libsystem_asl.dylib
0x000000000269e000 	/usr/lib/system/libsystem_blocks.dylib
0x000000000269e000 	/usr/lib/system/libsystem_c.dylib
0x000000000269e000 	/usr/lib/system/libsystem_configuration.dylib
0x000000000269e000 	/usr/lib/system/libsystem_coreservices.dylib
0x000000000269e000 	/usr/lib/system/libsystem_darwin.dylib
0x000000000269e000 	/usr/lib/system/libsystem_dnssd.dylib
0x000000000269e000 	/usr/lib/system/libsystem_info.dylib
0x000000000269e000 	/usr/lib/system/libsystem_m.dylib
0x000000000269e000 	/usr/lib/system/libsystem_malloc.dylib
0x000000000269e000 	/usr/lib/system/libsystem_networkextension.dylib
0x000000000269e000 	/usr/lib/system/libsystem_notify.dylib
0x000000000269e000 	/usr/lib/system/libsystem_sandbox.dylib
0x000000000269e000 	/usr/lib/system/libsystem_secinit.dylib
0x000000000269e000 	/usr/lib/system/libsystem_kernel.dylib
0x000000000269e000 	/usr/lib/system/libsystem_platform.dylib
0x000000000269e000 	/usr/lib/system/libsystem_pthread.dylib
0x000000000269e000 	/usr/lib/system/libsystem_symptoms.dylib
0x000000000269e000 	/usr/lib/system/libsystem_trace.dylib
0x000000000269e000 	/usr/lib/system/libunwind.dylib
0x000000000269e000 	/usr/lib/system/libxpc.dylib
0x000000000269e000 	/System/Library/CoreServices/Encodings/libKoreanConverter.dylib
0x0000000107fd6000 	/Library/Frameworks/Python.framework/Versions/3.7/lib/python3.7/lib-dynload/math.cpython-37m-darwin.so
0x0000000108021000 	/Library/Frameworks/Python.framework/Versions/3.7/lib/python3.7/lib-dynload/_datetime.cpython-37m-darwin.so
0x000000010803b000 	/Library/Frameworks/Python.framework/Versions/3.7/lib/python3.7/lib-dynload/_heapq.cpython-37m-darwin.so
0x0000000108080000 	/Library/Frameworks/Python.framework/Versions/3.7/lib/python3.7/lib-dynload/_posixsubprocess.cpython-37m-darwin.so
0x0000000108085000 	/Library/Frameworks/Python.framework/Versions/3.7/lib/python3.7/lib-dynload/select.cpython-37m-darwin.so
0x0000000108257000 	/Library/Frameworks/Python.framework/Versions/3.7/lib/python3.7/lib-dynload/_opcode.cpython-37m-darwin.so
0x000000010831a000 	/Library/Frameworks/Python.framework/Versions/3.7/lib/python3.7/lib-dynload/termios.cpython-37m-darwin.so
0x0000000108360000 	/Library/Frameworks/Python.framework/Versions/3.7/lib/python3.7/lib-dynload/_decimal.cpython-37m-darwin.so
0x00000001083c3000 	/Library/Frameworks/Python.framework/Versions/3.7/lib/python3.7/lib-dynload/_struct.cpython-37m-darwin.so
0x0000000108450000 	/Library/Frameworks/Python.framework/Versions/3.7/lib/python3.7/lib-dynload/binascii.cpython-37m-darwin.so
0x0000000108457000 	/Library/Frameworks/Python.framework/Versions/3.7/lib/python3.7/lib-dynload/_json.cpython-37m-darwin.so
0x0000000108461000 	/Library/Frameworks/Python.framework/Versions/3.7/lib/python3.7/lib-dynload/zlib.cpython-37m-darwin.so
0x000000010846a000 	/Library/Frameworks/Python.framework/Versions/3.7/lib/python3.7/lib-dynload/_hashlib.cpython-37m-darwin.so
0x0000000108471000 	/Library/Frameworks/Python.framework/Versions/3.7/lib/libssl.1.1.dylib
0x00000001084d2000 	/Library/Frameworks/Python.framework/Versions/3.7/lib/libcrypto.1.1.dylib
0x0000000108732000 	/Library/Frameworks/Python.framework/Versions/3.7/lib/python3.7/lib-dynload/_blake2.cpython-37m-darwin.so
0x000000010873c000 	/Library/Frameworks/Python.framework/Versions/3.7/lib/python3.7/lib-dynload/_sha3.cpython-37m-darwin.so
0x0000000108752000 	/Library/Frameworks/Python.framework/Versions/3.7/lib/python3.7/lib-dynload/_bisect.cpython-37m-darwin.so
0x0000000108755000 	/Library/Frameworks/Python.framework/Versions/3.7/lib/python3.7/lib-dynload/_random.cpython-37m-darwin.so
0x000000010879a000 	/Library/Frameworks/Python.framework/Versions/3.7/lib/python3.7/lib-dynload/_bz2.cpython-37m-darwin.so
0x000000000269e000 	/usr/lib/libbz2.1.0.dylib
0x000000010879f000 	/Library/Frameworks/Python.framework/Versions/3.7/lib/python3.7/lib-dynload/_lzma.cpython-37m-darwin.so
0x00000001087d9000 	/Library/Frameworks/Python.framework/Versions/3.7/lib/python3.7/lib-dynload/grp.cpython-37m-darwin.so
0x000000010885c000 	/Library/Frameworks/Python.framework/Versions/3.7/lib/python3.7/lib-dynload/_socket.cpython-37m-darwin.so
0x0000000108983000 	/Library/Frameworks/Python.framework/Versions/3.7/lib/python3.7/lib-dynload/unicodedata.cpython-37m-darwin.so
0x0000000108ac6000 	/Library/Frameworks/Python.framework/Versions/3.7/lib/python3.7/lib-dynload/_ssl.cpython-37m-darwin.so
0x0000000108ba4000 	/Library/Frameworks/Python.framework/Versions/3.7/lib/python3.7/lib-dynload/_uuid.cpython-37m-darwin.so
0x0000000108de9000 	/Library/Frameworks/Python.framework/Versions/3.7/lib/python3.7/lib-dynload/fcntl.cpython-37m-darwin.so
0x0000000108f2e000 	/Library/Frameworks/Python.framework/Versions/3.7/lib/python3.7/lib-dynload/_pickle.cpython-37m-darwin.so
0x0000000108f4d000 	/Library/Frameworks/Python.framework/Versions/3.7/lib/python3.7/lib-dynload/_queue.cpython-37m-darwin.so
0x0000000109252000 	/Library/Frameworks/Python.framework/Versions/3.7/lib/python3.7/lib-dynload/_sqlite3.cpython-37m-darwin.so
0x0000000109442000 	/Library/Frameworks/Python.framework/Versions/3.7/lib/python3.7/lib-dynload/_scproxy.cpython-37m-darwin.so
0x000000000269e000 	/System/Library/Frameworks/SystemConfiguration.framework/Versions/A/SystemConfiguration
0x000000000269e000 	/usr/lib/libbsm.0.dylib
0x000000000269e000 	/usr/lib/libnetwork.dylib
0x000000000269e000 	/usr/lib/libpcap.A.dylib
0x000000000269e000 	/usr/lib/libcoretls.dylib
0x000000000269e000 	/usr/lib/libcoretls_cfhelpers.dylib
0x000000000269e000 	/System/Library/Frameworks/Security.framework/Versions/A/Security
0x000000000269e000 	/usr/lib/libapple_nghttp2.dylib
0x000000000269e000 	/System/Library/Frameworks/Foundation.framework/Versions/C/Foundation
0x000000000269e000 	/System/Library/PrivateFrameworks/AppleFSCompression.framework/Versions/A/AppleFSCompression
0x000000000269e000 	/usr/lib/libOpenScriptingUtil.dylib
0x000000000269e000 	/usr/lib/libauto.dylib
0x000000000269e000 	/usr/lib/libpam.2.dylib
0x000000000269e000 	/usr/lib/libsqlite3.dylib
0x000000000269e000 	/usr/lib/libxar.1.dylib
0x000000000269e000 	/System/Library/Frameworks/IOKit.framework/Versions/A/IOKit
0x000000000269e000 	/System/Library/Frameworks/DiskArbitration.framework/Versions/A/DiskArbitration
0x000000000269e000 	/usr/lib/libarchive.2.dylib
0x000000000269e000 	/usr/lib/libxml2.2.dylib
0x000000000269e000 	/System/Library/Frameworks/CFNetwork.framework/Versions/A/CFNetwork
0x000000000269e000 	/System/Library/Frameworks/CoreServices.framework/Versions/A/CoreServices
0x000000000269e000 	/usr/lib/liblangid.dylib
0x000000000269e000 	/usr/lib/libCRFSuite.dylib
0x000000000269e000 	/usr/lib/libenergytrace.dylib
0x000000000269e000 	/usr/lib/system/libkxld.dylib
0x000000000269e000 	/usr/lib/liblzma.5.dylib
0x000000000269e000 	/System/Library/Frameworks/CoreServices.framework/Versions/A/Frameworks/FSEvents.framework/Versions/A/FSEvents
0x000000000269e000 	/System/Library/Frameworks/CoreServices.framework/Versions/A/Frameworks/CarbonCore.framework/Versions/A/CarbonCore
0x000000000269e000 	/System/Library/Frameworks/CoreServices.framework/Versions/A/Frameworks/Metadata.framework/Versions/A/Metadata
0x000000000269e000 	/System/Library/Frameworks/CoreServices.framework/Versions/A/Frameworks/OSServices.framework/Versions/A/OSServices
0x000000000269e000 	/System/Library/Frameworks/CoreServices.framework/Versions/A/Frameworks/SearchKit.framework/Versions/A/SearchKit
0x000000000269e000 	/System/Library/Frameworks/CoreServices.framework/Versions/A/Frameworks/AE.framework/Versions/A/AE
0x000000000269e000 	/System/Library/Frameworks/CoreServices.framework/Versions/A/Frameworks/LaunchServices.framework/Versions/A/LaunchServices
0x000000000269e000 	/System/Library/Frameworks/CoreServices.framework/Versions/A/Frameworks/DictionaryServices.framework/Versions/A/DictionaryServices
0x000000000269e000 	/System/Library/Frameworks/CoreServices.framework/Versions/A/Frameworks/SharedFileList.framework/Versions/A/SharedFileList
0x000000000269e000 	/System/Library/Frameworks/NetFS.framework/Versions/A/NetFS
0x000000000269e000 	/System/Library/PrivateFrameworks/NetAuth.framework/Versions/A/NetAuth
0x000000000269e000 	/System/Library/PrivateFrameworks/login.framework/Versions/A/Frameworks/loginsupport.framework/Versions/A/loginsupport
0x000000000269e000 	/System/Library/PrivateFrameworks/TCC.framework/Versions/A/TCC
0x000000000269e000 	/System/Library/PrivateFrameworks/CoreNLP.framework/Versions/A/CoreNLP
0x000000000269e000 	/System/Library/PrivateFrameworks/MetadataUtilities.framework/Versions/A/MetadataUtilities
0x000000000269e000 	/usr/lib/libmecabra.dylib
0x000000000269e000 	/System/Library/Frameworks/ApplicationServices.framework/Versions/A/ApplicationServices
0x000000000269e000 	/System/Library/Frameworks/CoreGraphics.framework/Versions/A/CoreGraphics
0x000000000269e000 	/System/Library/Frameworks/CoreText.framework/Versions/A/CoreText
0x000000000269e000 	/System/Library/Frameworks/ImageIO.framework/Versions/A/ImageIO
0x000000000269e000 	/System/Library/Frameworks/ColorSync.framework/Versions/A/ColorSync
0x000000000269e000 	/System/Library/Frameworks/ApplicationServices.framework/Versions/A/Frameworks/ATS.framework/Versions/A/ATS
0x000000000269e000 	/System/Library/Frameworks/ApplicationServices.framework/Versions/A/Frameworks/ColorSyncLegacy.framework/Versions/A/ColorSyncLegacy
0x000000000269e000 	/System/Library/Frameworks/ApplicationServices.framework/Versions/A/Frameworks/HIServices.framework/Versions/A/HIServices
0x000000000269e000 	/System/Library/Frameworks/ApplicationServices.framework/Versions/A/Frameworks/LangAnalysis.framework/Versions/A/LangAnalysis
0x000000000269e000 	/System/Library/Frameworks/ApplicationServices.framework/Versions/A/Frameworks/PrintCore.framework/Versions/A/PrintCore
0x000000000269e000 	/System/Library/Frameworks/ApplicationServices.framework/Versions/A/Frameworks/QD.framework/Versions/A/QD
0x000000000269e000 	/System/Library/Frameworks/ApplicationServices.framework/Versions/A/Frameworks/SpeechSynthesis.framework/Versions/A/SpeechSynthesis
0x000000000269e000 	/System/Library/PrivateFrameworks/SkyLight.framework/Versions/A/SkyLight
0x000000000269e000 	/System/Library/Frameworks/IOSurface.framework/Versions/A/IOSurface
0x000000000269e000 	/System/Library/Frameworks/Accelerate.framework/Versions/A/Accelerate
0x000000000269e000 	/usr/lib/libcompression.dylib
0x000000000269e000 	/System/Library/Frameworks/CoreDisplay.framework/Versions/A/CoreDisplay
0x000000000269e000 	/System/Library/Frameworks/Metal.framework/Versions/A/Metal
0x000000000269e000 	/System/Library/Frameworks/MetalPerformanceShaders.framework/Versions/A/MetalPerformanceShaders
0x000000000269e000 	/System/Library/PrivateFrameworks/MultitouchSupport.framework/Versions/A/MultitouchSupport
0x000000000269e000 	/System/Library/Frameworks/QuartzCore.framework/Versions/A/QuartzCore
0x000000000269e000 	/System/Library/Frameworks/Accelerate.framework/Versions/A/Frameworks/vImage.framework/Versions/A/vImage
0x000000000269e000 	/System/Library/Frameworks/Accelerate.framework/Versions/A/Frameworks/vecLib.framework/Versions/A/vecLib
0x000000000269e000 	/System/Library/Frameworks/Accelerate.framework/Versions/A/Frameworks/vecLib.framework/Versions/A/libvMisc.dylib
0x000000000269e000 	/System/Library/Frameworks/Accelerate.framework/Versions/A/Frameworks/vecLib.framework/Versions/A/libvDSP.dylib
0x000000000269e000 	/System/Library/Frameworks/Accelerate.framework/Versions/A/Frameworks/vecLib.framework/Versions/A/libBLAS.dylib
0x000000000269e000 	/System/Library/Frameworks/Accelerate.framework/Versions/A/Frameworks/vecLib.framework/Versions/A/libLAPACK.dylib
0x000000000269e000 	/System/Library/Frameworks/Accelerate.framework/Versions/A/Frameworks/vecLib.framework/Versions/A/libLinearAlgebra.dylib
0x000000000269e000 	/System/Library/Frameworks/Accelerate.framework/Versions/A/Frameworks/vecLib.framework/Versions/A/libSparseBLAS.dylib
0x000000000269e000 	/System/Library/Frameworks/Accelerate.framework/Versions/A/Frameworks/vecLib.framework/Versions/A/libQuadrature.dylib
0x000000000269e000 	/System/Library/Frameworks/Accelerate.framework/Versions/A/Frameworks/vecLib.framework/Versions/A/libBNNS.dylib
0x000000000269e000 	/System/Library/Frameworks/Accelerate.framework/Versions/A/Frameworks/vecLib.framework/Versions/A/libSparse.dylib
0x000000000269e000 	/System/Library/PrivateFrameworks/GPUWrangler.framework/Versions/A/GPUWrangler
0x000000000269e000 	/System/Library/PrivateFrameworks/IOAccelerator.framework/Versions/A/IOAccelerator
0x000000000269e000 	/System/Library/PrivateFrameworks/IOPresentment.framework/Versions/A/IOPresentment
0x000000000269e000 	/System/Library/PrivateFrameworks/DSExternalDisplay.framework/Versions/A/DSExternalDisplay
0x000000000269e000 	/System/Library/Frameworks/OpenGL.framework/Versions/A/Libraries/libCoreFSCache.dylib
0x000000000269e000 	/System/Library/Frameworks/MetalPerformanceShaders.framework/Frameworks/MPSCore.framework/Versions/A/MPSCore
0x000000000269e000 	/System/Library/Frameworks/MetalPerformanceShaders.framework/Frameworks/MPSImage.framework/Versions/A/MPSImage
0x000000000269e000 	/System/Library/Frameworks/MetalPerformanceShaders.framework/Frameworks/MPSNeuralNetwork.framework/Versions/A/MPSNeuralNetwork
0x000000000269e000 	/System/Library/Frameworks/MetalPerformanceShaders.framework/Frameworks/MPSMatrix.framework/Versions/A/MPSMatrix
0x000000000269e000 	/System/Library/Frameworks/MetalPerformanceShaders.framework/Frameworks/MPSRayIntersector.framework/Versions/A/MPSRayIntersector
0x000000000269e000 	/System/Library/PrivateFrameworks/MetalTools.framework/Versions/A/MetalTools
0x000000000269e000 	/System/Library/PrivateFrameworks/AggregateDictionary.framework/Versions/A/AggregateDictionary
0x000000000269e000 	/usr/lib/libMobileGestalt.dylib
0x000000000269e000 	/System/Library/Frameworks/CoreImage.framework/Versions/A/CoreImage
0x000000000269e000 	/System/Library/Frameworks/CoreVideo.framework/Versions/A/CoreVideo
0x000000000269e000 	/System/Library/Frameworks/OpenGL.framework/Versions/A/OpenGL
0x000000000269e000 	/System/Library/PrivateFrameworks/GraphVisualizer.framework/Versions/A/GraphVisualizer
0x000000000269e000 	/System/Library/PrivateFrameworks/FaceCore.framework/Versions/A/FaceCore
0x000000000269e000 	/System/Library/Frameworks/OpenCL.framework/Versions/A/OpenCL
0x000000000269e000 	/usr/lib/libFosl_dynamic.dylib
0x000000000269e000 	/System/Library/PrivateFrameworks/OTSVG.framework/Versions/A/OTSVG
0x000000000269e000 	/System/Library/Frameworks/ApplicationServices.framework/Versions/A/Frameworks/ATS.framework/Versions/A/Resources/libFontParser.dylib
0x000000000269e000 	/System/Library/Frameworks/ApplicationServices.framework/Versions/A/Frameworks/ATS.framework/Versions/A/Resources/libFontRegistry.dylib
0x000000000269e000 	/System/Library/Frameworks/ImageIO.framework/Versions/A/Resources/libJPEG.dylib
0x000000000269e000 	/System/Library/Frameworks/ImageIO.framework/Versions/A/Resources/libTIFF.dylib
0x000000000269e000 	/System/Library/Frameworks/ImageIO.framework/Versions/A/Resources/libPng.dylib
0x000000000269e000 	/System/Library/Frameworks/ImageIO.framework/Versions/A/Resources/libGIF.dylib
0x000000000269e000 	/System/Library/Frameworks/ImageIO.framework/Versions/A/Resources/libJP2.dylib
0x000000000269e000 	/System/Library/Frameworks/ImageIO.framework/Versions/A/Resources/libRadiance.dylib
0x000000000269e000 	/System/Library/PrivateFrameworks/AppleJPEG.framework/Versions/A/AppleJPEG
0x000000000269e000 	/System/Library/Frameworks/OpenGL.framework/Versions/A/Libraries/libGFXShared.dylib
0x000000000269e000 	/System/Library/Frameworks/OpenGL.framework/Versions/A/Libraries/libGLU.dylib
0x000000000269e000 	/System/Library/Frameworks/OpenGL.framework/Versions/A/Libraries/libGL.dylib
0x000000000269e000 	/System/Library/Frameworks/OpenGL.framework/Versions/A/Libraries/libGLImage.dylib
0x000000000269e000 	/System/Library/Frameworks/OpenGL.framework/Versions/A/Libraries/libCVMSPluginSupport.dylib
0x000000000269e000 	/System/Library/Frameworks/OpenGL.framework/Versions/A/Libraries/libCoreVMClient.dylib
0x000000000269e000 	/usr/lib/libcups.2.dylib
0x000000000269e000 	/System/Library/Frameworks/Kerberos.framework/Versions/A/Kerberos
0x000000000269e000 	/System/Library/Frameworks/GSS.framework/Versions/A/GSS
0x000000000269e000 	/usr/lib/libresolv.9.dylib
0x000000000269e000 	/usr/lib/libiconv.2.dylib
0x000000000269e000 	/System/Library/PrivateFrameworks/Heimdal.framework/Versions/A/Heimdal
0x000000000269e000 	/usr/lib/libheimdal-asn1.dylib
0x000000000269e000 	/System/Library/Frameworks/OpenDirectory.framework/Versions/A/OpenDirectory
0x000000000269e000 	/System/Library/PrivateFrameworks/CommonAuth.framework/Versions/A/CommonAuth
0x000000000269e000 	/System/Library/Frameworks/OpenDirectory.framework/Versions/A/Frameworks/CFOpenDirectory.framework/Versions/A/CFOpenDirectory
0x000000000269e000 	/System/Library/Frameworks/SecurityFoundation.framework/Versions/A/SecurityFoundation
0x000000000269e000 	/System/Library/PrivateFrameworks/APFS.framework/Versions/A/APFS
0x000000000269e000 	/usr/lib/libutil.dylib
0x000000000269e000 	/usr/lib/libcharset.1.dylib
0x000000000269e000 	/System/Library/Frameworks/CoreAudio.framework/Versions/A/CoreAudio
0x000000000269e000 	/System/Library/Frameworks/AudioToolbox.framework/Versions/A/AudioToolbox
0x000000000269e000 	/System/Library/PrivateFrameworks/AppleSauce.framework/Versions/A/AppleSauce
0x000000000269e000 	/System/Library/PrivateFrameworks/AssertionServices.framework/Versions/A/AssertionServices
0x000000000269e000 	/System/Library/PrivateFrameworks/BaseBoard.framework/Versions/A/BaseBoard
0x000000000269e000 	/usr/lib/libmecab.1.0.0.dylib
0x000000000269e000 	/usr/lib/libgermantok.dylib
0x000000000269e000 	/usr/lib/libThaiTokenizer.dylib
0x000000000269e000 	/usr/lib/libChineseTokenizer.dylib
0x000000000269e000 	/System/Library/PrivateFrameworks/LanguageModeling.framework/Versions/A/LanguageModeling
0x000000000269e000 	/System/Library/PrivateFrameworks/CoreEmoji.framework/Versions/A/CoreEmoji
0x000000000269e000 	/System/Library/PrivateFrameworks/Lexicon.framework/Versions/A/Lexicon
0x000000000269e000 	/System/Library/PrivateFrameworks/LinguisticData.framework/Versions/A/LinguisticData
0x000000000269e000 	/usr/lib/libcmph.dylib
0x000000000269e000 	/System/Library/Frameworks/CoreData.framework/Versions/A/CoreData
0x000000000269e000 	/System/Library/Frameworks/ServiceManagement.framework/Versions/A/ServiceManagement
0x000000000269e000 	/System/Library/PrivateFrameworks/BackgroundTaskManagement.framework/Versions/A/BackgroundTaskManagement
0x000000000269e000 	/usr/lib/libxslt.1.dylib
0x00000001099c6000 	/Library/Frameworks/Python.framework/Versions/3.7/lib/python3.7/lib-dynload/array.cpython-37m-darwin.so
0x0000000109a15000 	/Library/Frameworks/Python.framework/Versions/3.7/lib/python3.7/site-packages/_jpype.cpython-37m-darwin.so
0x0000000109af1000 	/Library/Java/JavaVirtualMachines/jdk1.8.0_91.jdk/Contents/Home/jre/lib/jli/libjli.dylib
0x000000000269e000 	/System/Library/Frameworks/Cocoa.framework/Versions/A/Cocoa
0x000000000269e000 	/System/Library/Frameworks/AppKit.framework/Versions/C/AppKit
0x000000000269e000 	/System/Library/PrivateFrameworks/RemoteViewServices.framework/Versions/A/RemoteViewServices
0x000000000269e000 	/System/Library/PrivateFrameworks/UIFoundation.framework/Versions/A/UIFoundation
0x000000000269e000 	/System/Library/PrivateFrameworks/XCTTargetBootstrap.framework/Versions/A/XCTTargetBootstrap
0x000000000269e000 	/System/Library/PrivateFrameworks/IconServices.framework/Versions/A/IconServices
0x000000000269e000 	/System/Library/PrivateFrameworks/DesktopServicesPriv.framework/Versions/A/DesktopServicesPriv
0x000000000269e000 	/System/Library/PrivateFrameworks/DFRFoundation.framework/Versions/A/DFRFoundation
0x000000000269e000 	/System/Library/Frameworks/AudioUnit.framework/Versions/A/AudioUnit
0x000000000269e000 	/System/Library/PrivateFrameworks/DataDetectorsCore.framework/Versions/A/DataDetectorsCore
0x000000000269e000 	/System/Library/Frameworks/Carbon.framework/Versions/A/Frameworks/HIToolbox.framework/Versions/A/HIToolbox
0x000000000269e000 	/System/Library/Frameworks/Carbon.framework/Versions/A/Frameworks/SpeechRecognition.framework/Versions/A/SpeechRecognition
0x000000000269e000 	/System/Library/PrivateFrameworks/CoreUI.framework/Versions/A/CoreUI
0x000000000269e000 	/System/Library/PrivateFrameworks/PerformanceAnalysis.framework/Versions/A/PerformanceAnalysis
0x000000000269e000 	/System/Library/PrivateFrameworks/Backup.framework/Versions/A/Backup
0x000000000269e000 	/System/Library/Frameworks/Carbon.framework/Versions/A/Frameworks/Ink.framework/Versions/A/Ink
0x000000000269e000 	/System/Library/PrivateFrameworks/TextureIO.framework/Versions/A/TextureIO
0x000000000269e000 	/usr/lib/libate.dylib
0x000000000269e000 	/System/Library/PrivateFrameworks/CrashReporterSupport.framework/Versions/A/CrashReporterSupport
0x000000000269e000 	/System/Library/PrivateFrameworks/Sharing.framework/Versions/A/Sharing
0x000000000269e000 	/System/Library/PrivateFrameworks/AuthKit.framework/Versions/A/AuthKit
0x000000000269e000 	/System/Library/PrivateFrameworks/Apple80211.framework/Versions/A/Apple80211
0x000000000269e000 	/System/Library/PrivateFrameworks/CoreUtils.framework/Versions/A/CoreUtils
0x000000000269e000 	/System/Library/Frameworks/CoreWLAN.framework/Versions/A/CoreWLAN
0x000000000269e000 	/System/Library/Frameworks/IOBluetooth.framework/Versions/A/IOBluetooth
0x000000000269e000 	/System/Library/PrivateFrameworks/ProtocolBuffer.framework/Versions/A/ProtocolBuffer
0x000000000269e000 	/System/Library/PrivateFrameworks/MobileKeyBag.framework/Versions/A/MobileKeyBag
0x000000000269e000 	/System/Library/PrivateFrameworks/CorePhoneNumbers.framework/Versions/A/CorePhoneNumbers
0x000000000269e000 	/System/Library/PrivateFrameworks/AppleIDAuthSupport.framework/Versions/A/AppleIDAuthSupport
0x000000000269e000 	/System/Library/PrivateFrameworks/KeychainCircle.framework/Versions/A/KeychainCircle
0x000000000269e000 	/System/Library/PrivateFrameworks/ROCKit.framework/Versions/A/ROCKit
0x000000000269e000 	/System/Library/PrivateFrameworks/CoreWiFi.framework/Versions/A/CoreWiFi
0x000000000269e000 	/System/Library/Frameworks/CoreBluetooth.framework/Versions/A/CoreBluetooth
0x000000000269e000 	/System/Library/PrivateFrameworks/DebugSymbols.framework/Versions/A/DebugSymbols
0x000000000269e000 	/System/Library/PrivateFrameworks/CoreSymbolication.framework/Versions/A/CoreSymbolication
0x000000000269e000 	/System/Library/PrivateFrameworks/Symbolication.framework/Versions/A/Symbolication
0x000000000269e000 	/System/Library/PrivateFrameworks/SpeechRecognitionCore.framework/Versions/A/SpeechRecognitionCore
0x0000000109b01000 	/Library/Java/JavaVirtualMachines/jdk1.8.0_91.jdk/Contents/Home/jre//lib/server/libjvm.dylib
0x000000000269e000 	/usr/lib/libstdc++.6.dylib
0x000000010aa95000 	/Library/Java/JavaVirtualMachines/jdk1.8.0_91.jdk/Contents/Home/jre/lib/libverify.dylib
0x000000010aaa3000 	/Library/Java/JavaVirtualMachines/jdk1.8.0_91.jdk/Contents/Home/jre/lib/libjava.dylib
0x000000010ab20000 	/Library/Java/JavaVirtualMachines/jdk1.8.0_91.jdk/Contents/Home/jre/lib/libzip.dylib
0x000000000269e000 	/System/Library/Frameworks/JavaVM.framework/Versions/A/Frameworks/JavaRuntimeSupport.framework/Versions/A/JavaRuntimeSupport
0x000000000269e000 	/System/Library/Frameworks/JavaVM.framework/Versions/A/Frameworks/JavaNativeFoundation.framework/Versions/A/JavaNativeFoundation
0x000000000269e000 	/System/Library/Frameworks/JavaVM.framework/Versions/A/JavaVM
0x000000000269e000 	/System/Library/Frameworks/Carbon.framework/Versions/A/Carbon
0x000000000269e000 	/System/Library/PrivateFrameworks/JavaLaunching.framework/Versions/A/JavaLaunching
0x000000000269e000 	/System/Library/Frameworks/Carbon.framework/Versions/A/Frameworks/CommonPanels.framework/Versions/A/CommonPanels
0x000000000269e000 	/System/Library/Frameworks/Carbon.framework/Versions/A/Frameworks/Help.framework/Versions/A/Help
0x000000000269e000 	/System/Library/Frameworks/Carbon.framework/Versions/A/Frameworks/ImageCapture.framework/Versions/A/ImageCapture
0x000000000269e000 	/System/Library/Frameworks/Carbon.framework/Versions/A/Frameworks/OpenScripting.framework/Versions/A/OpenScripting
0x000000000269e000 	/System/Library/Frameworks/Carbon.framework/Versions/A/Frameworks/Print.framework/Versions/A/Print
0x000000000269e000 	/System/Library/Frameworks/Carbon.framework/Versions/A/Frameworks/SecurityHI.framework/Versions/A/SecurityHI
0x00000001111e3000 	/Library/Frameworks/Python.framework/Versions/3.7/lib/python3.7/lib-dynload/_codecs_kr.cpython-37m-darwin.so
0x0000000111204000 	/Library/Frameworks/Python.framework/Versions/3.7/lib/python3.7/lib-dynload/_multibytecodec.cpython-37m-darwin.so

VM Arguments:
jvm_args: -Dfile.encoding=UTF8 -ea -Xmx1024m 
java_command: <unknown>
java_class_path (initial): /Library/Frameworks/Python.framework/Versions/3.7/lib/python3.7/site-packages/konlpy/java:/Library/Frameworks/Python.framework/Versions/3.7/lib/python3.7/site-packages/konlpy/java/bin:/Library/Frameworks/Python.framework/Versions/3.7/lib/python3.7/site-packages/konlpy/java/*:/Library/Frameworks/Python.framework/Versions/3.7/lib/python3.7/site-packages/konlpy/java/jhannanum-0.8.4.jar:/Library/Frameworks/Python.framework/Versions/3.7/lib/python3.7/site-packages/konlpy/java/kkma-2.0.jar:/Library/Frameworks/Python.framework/Versions/3.7/lib/python3.7/site-packages/konlpy/java/aho-corasick.jar:/Library/Frameworks/Python.framework/Versions/3.7/lib/python3.7/site-packages/konlpy/java/shineware-common-1.0.jar:/Library/Frameworks/Python.framework/Versions/3.7/lib/python3.7/site-packages/konlpy/java/shineware-ds-1.0.jar:/Library/Frameworks/Python.framework/Versions/3.7/lib/python3.7/site-packages/konlpy/java/komoran-3.0.jar:/Library/Frameworks/Python.framework/Versions/3.7/lib/python3.7/site-packages/konlpy/java/snakeyaml-1.12.jar:/Library/Frameworks/Python.framework/Versions/3.7/lib/python3.7/site-packages/konlpy/java/scala-library-2.12.3.jar:/Library/Frameworks/Python.framework/Versions/3.7/lib/python3.7/site-packages/konlpy/java/open-korean-text-2.1.0.jar:/Library/Frameworks/Python.framework/Versions/3.7/lib/python3.7/site-packages/konlpy/java/twitter-text-1.14.7.jar:/Library/Frameworks/Python.framework/Versions/3.7/lib/python3.7/site-packages/konlpy/java/*
Launcher Type: generic

Environment Variables:
JAVA_HOME=/Library/Java/JavaVirtualMachines/jdk1.8.0_91.jdk/Contents/Home
PATH=/Library/Frameworks/Python.framework/Versions/3.7/bin:/Library/Frameworks/Python.framework/Versions/3.5/bin:/usr/local/bin:/usr/bin:/bin:/usr/sbin:/sbin:/Users/taes/Library/Android/sdk/platform-tools:/Users/taes/Library/Android/sdk/platform-tools
SHELL=/bin/bash

Signal Handlers:
SIGSEGV: [libjvm.dylib+0x5a97a1], sa_mask[0]=11111111011111110111111111111111, sa_flags=SA_ONSTACK|SA_RESTART|SA_SIGINFO
SIGBUS: [libjvm.dylib+0x5a97a1], sa_mask[0]=11111111011111110111111111111111, sa_flags=SA_RESTART|SA_SIGINFO
SIGFPE: [libjvm.dylib+0x482594], sa_mask[0]=11111111011111110111111111111111, sa_flags=SA_RESTART|SA_SIGINFO
SIGPIPE: [libjvm.dylib+0x482594], sa_mask[0]=11111111011111110111111111111111, sa_flags=SA_RESTART|SA_SIGINFO
SIGXFSZ: [libjvm.dylib+0x482594], sa_mask[0]=11111111011111110111111111111111, sa_flags=SA_RESTART|SA_SIGINFO
SIGILL: [libjvm.dylib+0x482594], sa_mask[0]=11111111011111110111111111111111, sa_flags=SA_RESTART|SA_SIGINFO
SIGUSR1: SIG_DFL, sa_mask[0]=11011111011111100000000111000110, sa_flags=none
SIGUSR2: [libjvm.dylib+0x4820b2], sa_mask[0]=00100000000000000000000000000000, sa_flags=SA_RESTART|SA_SIGINFO
SIGHUP: [libjvm.dylib+0x480689], sa_mask[0]=11111111011111110111111111111111, sa_flags=SA_RESTART|SA_SIGINFO
SIGINT: [libjvm.dylib+0x480689], sa_mask[0]=11111111011111110111111111111111, sa_flags=SA_RESTART|SA_SIGINFO
SIGTERM: [libjvm.dylib+0x480689], sa_mask[0]=11111111011111110111111111111111, sa_flags=SA_RESTART|SA_SIGINFO
SIGQUIT: [libjvm.dylib+0x480689], sa_mask[0]=11111111011111110111111111111111, sa_flags=SA_RESTART|SA_SIGINFO


---------------  S Y S T E M  ---------------

OS:Bsduname:Darwin 18.2.0 Darwin Kernel Version 18.2.0: Thu Dec 20 20:46:53 PST 2018; root:xnu-4903.241.1~1/RELEASE_X86_64 x86_64
rlimit: STACK 8192k, CORE 0k, NPROC 709, NOFILE 10240, AS infinity
load average:2.03 2.12 2.32

CPU:total 4 (2 cores per cpu, 2 threads per core) family 6 model 69 stepping 1, cmov, cx8, fxsr, mmx, sse, sse2, sse3, ssse3, sse4.1, sse4.2, popcnt, avx, avx2, aes, clmul, erms, lzcnt, ht, tsc, tscinvbit, bmi1, bmi2

Memory: 4k page, physical 8388608k(27580k free)

/proc/meminfo:


vm_info: Java HotSpot(TM) 64-Bit Server VM (25.91-b14) for bsd-amd64 JRE (1.8.0_91-b14), built on Apr  1 2016 01:03:00 by "java_re" with gcc 4.2.1 (Based on Apple Inc. build 5658) (LLVM build 2336.11.00)

time: Mon Apr  1 13:00:48 2019
elapsed time: 7 seconds (0d 0h 0m 7s)

